<?xml version="1.0" encoding="UTF-8"?>
<testsuite xmlns:xsi="http://www.w3.org/2001/XMLSchema-instance" xsi:noNamespaceSchemaLocation="https://maven.apache.org/surefire/maven-surefire-plugin/xsd/surefire-test-report.xsd" name="com.mulesoft.training.HelloMavenTest" time="16.065" tests="1" errors="0" skipped="0" failures="1">
  <properties>
    <property name="sun.desktop" value="windows"/>
    <property name="awt.toolkit" value="sun.awt.windows.WToolkit"/>
    <property name="file.encoding.pkg" value="sun.io"/>
    <property name="java.specification.version" value="1.8"/>
    <property name="sun.cpu.isalist" value="amd64"/>
    <property name="sun.jnu.encoding" value="Cp1252"/>
    <property name="java.class.path" value="D:\AnypointStudio\workspace\maven-project\target\test-classes;D:\AnypointStudio\workspace\maven-project\target\classes;C:\Users\svasudevan\.m2\repository\com\mulesoft\muleesb\mule-core-ee\3.8.5\mule-core-ee-3.8.5.jar;C:\Users\svasudevan\.m2\repository\org\mule\mule-core\3.8.5\mule-core-3.8.5.jar;C:\Users\svasudevan\.m2\repository\org\mule\extensions\mule-extensions-api\1.0.0-alpha-1\mule-extensions-api-1.0.0-alpha-1.jar;C:\Users\svasudevan\.m2\repository\commons-beanutils\commons-beanutils\1.9.3\commons-beanutils-1.9.3.jar;C:\Users\svasudevan\.m2\repository\com\github\stephenc\eaio-uuid\uuid\3.4.0\uuid-3.4.0.jar;C:\Users\svasudevan\.m2\repository\com\github\stephenc\eaio-grabbag\grabbag\1.8.1\grabbag-1.8.1.jar;C:\Users\svasudevan\.m2\repository\commons-cli\commons-cli\1.2\commons-cli-1.2.jar;C:\Users\svasudevan\.m2\repository\commons-collections\commons-collections\3.2.2\commons-collections-3.2.2.jar;C:\Users\svasudevan\.m2\repository\commons-io\commons-io\2.4\commons-io-2.4.jar;C:\Users\svasudevan\.m2\repository\commons-lang\commons-lang\2.4\commons-lang-2.4.jar;C:\Users\svasudevan\.m2\repository\commons-pool\commons-pool\1.6\commons-pool-1.6.jar;C:\Users\svasudevan\.m2\repository\org\apache\geronimo\specs\geronimo-jta_1.1_spec\1.1.1\geronimo-jta_1.1_spec-1.1.1.jar;C:\Users\svasudevan\.m2\repository\org\apache\geronimo\specs\geronimo-j2ee-connector_1.5_spec\2.0.0\geronimo-j2ee-connector_1.5_spec-2.0.0.jar;C:\Users\svasudevan\.m2\repository\javax\inject\javax.inject\1\javax.inject-1.jar;C:\Users\svasudevan\.m2\repository\com\lmax\disruptor\3.3.0\disruptor-3.3.0.jar;C:\Users\svasudevan\.m2\repository\org\apache\logging\log4j\log4j-api\2.8.2\log4j-api-2.8.2.jar;C:\Users\svasudevan\.m2\repository\org\apache\logging\log4j\log4j-core\2.8.2\log4j-core-2.8.2.jar;C:\Users\svasudevan\.m2\repository\org\apache\logging\log4j\log4j-slf4j-impl\2.8.2\log4j-slf4j-impl-2.8.2.jar;C:\Users\svasudevan\.m2\repository\org\apache\logging\log4j\log4j-1.2-api\2.8.2\log4j-1.2-api-2.8.2.jar;C:\Users\svasudevan\.m2\repository\org\apache\logging\log4j\log4j-jcl\2.8.2\log4j-jcl-2.8.2.jar;C:\Users\svasudevan\.m2\repository\commons-logging\commons-logging\1.2\commons-logging-1.2.jar;C:\Users\svasudevan\.m2\repository\org\slf4j\jcl-over-slf4j\1.7.24\jcl-over-slf4j-1.7.24.jar;C:\Users\svasudevan\.m2\repository\org\apache\logging\log4j\log4j-jul\2.8.2\log4j-jul-2.8.2.jar;C:\Users\svasudevan\.m2\repository\asm\asm\3.1\asm-3.1.jar;C:\Users\svasudevan\.m2\repository\asm\asm-commons\3.1\asm-commons-3.1.jar;C:\Users\svasudevan\.m2\repository\asm\asm-tree\3.1\asm-tree-3.1.jar;C:\Users\svasudevan\.m2\repository\org\mule\mvel\mule-mvel2\2.1.9-MULE-012\mule-mvel2-2.1.9-MULE-012.jar;C:\Users\svasudevan\.m2\repository\org\jgrapht\jgrapht-jdk1.5\0.7.3\jgrapht-jdk1.5-0.7.3.jar;C:\Users\svasudevan\.m2\repository\com\mulesoft\licm\licm\1.1.5\licm-1.1.5.jar;C:\Users\svasudevan\.m2\repository\de\schlichtherle\truelicense\1.29\truelicense-1.29.jar;C:\Users\svasudevan\.m2\repository\de\schlichtherle\truexml\1.29\truexml-1.29.jar;C:\Users\svasudevan\.m2\repository\opensymphony\propertyset\1.3\propertyset-1.3.jar;C:\Users\svasudevan\.m2\repository\opensymphony\oscore\2.2.4\oscore-2.2.4.jar;C:\Users\svasudevan\.m2\repository\org\aspectj\aspectjrt\1.8.5\aspectjrt-1.8.5.jar;C:\Users\svasudevan\.m2\repository\com\mulesoft\muleesb\modules\mule-module-spring-config-ee\3.8.5\mule-module-spring-config-ee-3.8.5.jar;C:\Users\svasudevan\.m2\repository\com\mulesoft\muleesb\modules\mule-module-multi-tx-ee\3.8.5\mule-module-multi-tx-ee-3.8.5.jar;C:\Users\svasudevan\.m2\repository\com\mulesoft\muleesb\modules\mule-module-xa-tx-ee\3.8.5\mule-module-xa-tx-ee-3.8.5.jar;C:\Users\svasudevan\.m2\repository\com\mulesoft\muleesb\modules\mule-module-cache-ee\3.8.5\mule-module-cache-ee-3.8.5.jar;C:\Users\svasudevan\.m2\repository\org\springframework\spring-context\4.1.9.RELEASE\spring-context-4.1.9.RELEASE.jar;C:\Users\svasudevan\.m2\repository\org\springframework\spring-core\4.1.9.RELEASE\spring-core-4.1.9.RELEASE.jar;C:\Users\svasudevan\.m2\repository\org\springframework\spring-expression\4.1.9.RELEASE\spring-expression-4.1.9.RELEASE.jar;C:\Users\svasudevan\.m2\repository\org\mule\transports\mule-transport-file\3.8.5\mule-transport-file-3.8.5.jar;C:\Users\svasudevan\.m2\repository\org\mule\transports\mule-transport-http\3.8.5\mule-transport-http-3.8.5.jar;C:\Users\svasudevan\.m2\repository\org\mule\transports\mule-transport-ssl\3.8.5\mule-transport-ssl-3.8.5.jar;C:\Users\svasudevan\.m2\repository\commons-codec\commons-codec\1.9\commons-codec-1.9.jar;C:\Users\svasudevan\.m2\repository\commons-httpclient\commons-httpclient\3.1\commons-httpclient-3.1.jar;C:\Users\svasudevan\.m2\repository\org\apache\tomcat\coyote\6.0.53\coyote-6.0.53.jar;C:\Users\svasudevan\.m2\repository\org\apache\tomcat\juli\6.0.53\juli-6.0.53.jar;C:\Users\svasudevan\.m2\repository\org\samba\jcifs\jcifs\1.3.3\jcifs-1.3.3.jar;C:\Users\svasudevan\.m2\repository\joda-time\joda-time\2.9.1\joda-time-2.9.1.jar;C:\Users\svasudevan\.m2\repository\com\mulesoft\muleesb\transports\mule-transport-jdbc-ee\3.8.5\mule-transport-jdbc-ee-3.8.5.jar;C:\Users\svasudevan\.m2\repository\org\mule\transports\mule-transport-jdbc\3.8.5\mule-transport-jdbc-3.8.5.jar;C:\Users\svasudevan\.m2\repository\net\sf\flatpack\flatpack\3.1.1\flatpack-3.1.1.jar;C:\Users\svasudevan\.m2\repository\org\jdom\jdom\2.0.2\jdom-2.0.2.jar;C:\Users\svasudevan\.m2\repository\dom4j\dom4j\1.6.1\dom4j-1.6.1.jar;C:\Users\svasudevan\.m2\repository\com\mulesoft\muleesb\transports\mule-transport-jms-ee\3.8.5\mule-transport-jms-ee-3.8.5.jar;C:\Users\svasudevan\.m2\repository\org\mule\transports\mule-transport-vm\3.8.5\mule-transport-vm-3.8.5.jar;C:\Users\svasudevan\.m2\repository\org\mule\modules\mule-module-scripting\3.8.5\mule-module-scripting-3.8.5.jar;C:\Users\svasudevan\.m2\repository\org\springframework\spring-aop\4.1.9.RELEASE\spring-aop-4.1.9.RELEASE.jar;C:\Users\svasudevan\.m2\repository\aopalliance\aopalliance\1.0\aopalliance-1.0.jar;C:\Users\svasudevan\.m2\repository\org\mule\modules\mule-module-builders\3.8.5\mule-module-builders-3.8.5.jar;C:\Users\svasudevan\.m2\repository\org\springframework\spring-web\4.1.9.RELEASE\spring-web-4.1.9.RELEASE.jar;C:\Users\svasudevan\.m2\repository\org\codehaus\groovy\groovy-all\2.4.4\groovy-all-2.4.4-indy.jar;C:\Users\svasudevan\.m2\repository\org\python\jython-standalone\2.7.0\jython-standalone-2.7.0.jar;C:\Users\svasudevan\.m2\repository\javax\script\js-engine\1.1\js-engine-1.1-jdk14.jar;C:\Users\svasudevan\.m2\repository\org\mozilla\rhino\1.7R4\rhino-1.7R4.jar;C:\Users\svasudevan\.m2\repository\org\mule\modules\mule-module-scripting-jruby\3.8.5\mule-module-scripting-jruby-3.8.5.jar;C:\Users\svasudevan\.m2\repository\org\jruby\jruby-core\1.7.27\jruby-core-1.7.27.jar;C:\Users\svasudevan\.m2\repository\org\ow2\asm\asm-commons\5.0.3\asm-commons-5.0.3.jar;C:\Users\svasudevan\.m2\repository\org\ow2\asm\asm-tree\5.0.3\asm-tree-5.0.3.jar;C:\Users\svasudevan\.m2\repository\org\ow2\asm\asm-analysis\5.0.3\asm-analysis-5.0.3.jar;C:\Users\svasudevan\.m2\repository\org\ow2\asm\asm-util\5.0.3\asm-util-5.0.3.jar;C:\Users\svasudevan\.m2\repository\org\jruby\jruby-stdlib\1.7.27\jruby-stdlib-1.7.27.jar;C:\Users\svasudevan\.m2\repository\org\jruby\joni\joni\2.1.9\joni-2.1.9.jar;C:\Users\svasudevan\.m2\repository\com\github\jnr\jnr-netdb\1.1.2\jnr-netdb-1.1.2.jar;C:\Users\svasudevan\.m2\repository\com\github\jnr\jnr-enxio\0.9\jnr-enxio-0.9.jar;C:\Users\svasudevan\.m2\repository\com\github\jnr\jnr-x86asm\1.0.2\jnr-x86asm-1.0.2.jar;C:\Users\svasudevan\.m2\repository\com\github\jnr\jnr-unixsocket\0.8\jnr-unixsocket-0.8.jar;C:\Users\svasudevan\.m2\repository\com\github\jnr\jnr-posix\3.0.27\jnr-posix-3.0.27.jar;C:\Users\svasudevan\.m2\repository\org\jruby\extras\bytelist\1.0.11\bytelist-1.0.11.jar;C:\Users\svasudevan\.m2\repository\com\github\jnr\jnr-constants\0.9.0\jnr-constants-0.9.0.jar;C:\Users\svasudevan\.m2\repository\org\jruby\jcodings\jcodings\1.0.16\jcodings-1.0.16.jar;C:\Users\svasudevan\.m2\repository\com\github\jnr\jnr-ffi\2.0.5\jnr-ffi-2.0.5.jar;C:\Users\svasudevan\.m2\repository\com\github\jnr\jffi\1.2.10\jffi-1.2.10.jar;C:\Users\svasudevan\.m2\repository\com\github\jnr\jffi\1.2.10\jffi-1.2.10-native.jar;C:\Users\svasudevan\.m2\repository\org\yaml\snakeyaml\1.15\snakeyaml-1.15.jar;C:\Users\svasudevan\.m2\repository\com\jcraft\jzlib\1.1.3\jzlib-1.1.3.jar;C:\Users\svasudevan\.m2\repository\com\headius\invokebinder\1.2\invokebinder-1.2.jar;C:\Users\svasudevan\.m2\repository\com\headius\options\1.3\options-1.3.jar;C:\Users\svasudevan\.m2\repository\com\martiansoftware\nailgun-server\0.9.1\nailgun-server-0.9.1.jar;C:\Users\svasudevan\.m2\repository\org\jruby\yecht\1.1\yecht-1.1-jruby.jar;C:\Users\svasudevan\.m2\repository\org\mule\modules\mule-module-xml\3.8.5\mule-module-xml-3.8.5.jar;C:\Users\svasudevan\.m2\repository\commons-jxpath\commons-jxpath\1.3\commons-jxpath-1.3.jar;C:\Users\svasudevan\.m2\repository\com\thoughtworks\xstream\xstream\1.4.10\xstream-1.4.10.jar;C:\Users\svasudevan\.m2\repository\xmlpull\xmlpull\1.1.3.1\xmlpull-1.1.3.1.jar;C:\Users\svasudevan\.m2\repository\xpp3\xpp3_min\1.1.3.4.O\xpp3_min-1.1.3.4.O.jar;C:\Users\svasudevan\.m2\repository\org\codehaus\woodstox\woodstox-core-asl\4.4.1\woodstox-core-asl-4.4.1.jar;C:\Users\svasudevan\.m2\repository\org\codehaus\woodstox\stax2-api\3.1.4\stax2-api-3.1.4.jar;C:\Users\svasudevan\.m2\repository\jaxen\jaxen\1.1.1\jaxen-1.1.1.jar;C:\Users\svasudevan\.m2\repository\jdom\jdom\1.0\jdom-1.0.jar;C:\Users\svasudevan\.m2\repository\net\java\dev\stax-utils\stax-utils\20080702\stax-utils-20080702.jar;C:\Users\svasudevan\.m2\repository\net\sf\saxon\Saxon-HE\9.6.0-7\Saxon-HE-9.6.0-7.jar;C:\Users\svasudevan\.m2\repository\net\sf\saxon\Saxon-HE\9.6.0-7\Saxon-HE-9.6.0-7-xqj.jar;C:\Users\svasudevan\.m2\repository\javax\xml\xquery\xqj-api\1.0\xqj-api-1.0.jar;C:\Users\svasudevan\.m2\repository\org\mule\tests\mule-tests-functional\3.8.5\mule-tests-functional-3.8.5.jar;C:\Users\svasudevan\.m2\repository\org\mule\modules\mule-module-extensions-support\3.8.5\mule-module-extensions-support-3.8.5.jar;C:\Users\svasudevan\.m2\repository\org\mule\extensions\mule-extensions-annotations\1.0.0-alpha-1\mule-extensions-annotations-1.0.0-alpha-1.jar;C:\Users\svasudevan\.m2\repository\org\springframework\spring-beans\4.1.9.RELEASE\spring-beans-4.1.9.RELEASE.jar;C:\Users\svasudevan\.m2\repository\junit\junit\4.12\junit-4.12.jar;C:\Users\svasudevan\.m2\repository\org\hamcrest\hamcrest-library\1.3\hamcrest-library-1.3.jar;C:\Users\svasudevan\.m2\repository\org\hamcrest\hamcrest-core\1.3\hamcrest-core-1.3.jar;C:\Users\svasudevan\.m2\repository\commons-net\commons-net\3.5\commons-net-3.5.jar;C:\Users\svasudevan\.m2\repository\org\apache\ftpserver\ftpserver-core\1.0.6\ftpserver-core-1.0.6.jar;C:\Users\svasudevan\.m2\repository\org\apache\mina\mina-core\2.0.4\mina-core-2.0.4.jar;C:\Users\svasudevan\.m2\repository\org\apache\ftpserver\ftplet-api\1.0.6\ftplet-api-1.0.6.jar;C:\Users\svasudevan\.m2\repository\org\apache\sshd\sshd-core\1.0.0\sshd-core-1.0.0.jar;C:\Users\svasudevan\.m2\repository\org\bouncycastle\bcprov-jdk15on\1.56\bcprov-jdk15on-1.56.jar;C:\Users\svasudevan\.m2\repository\commons-dbutils\commons-dbutils\1.2\commons-dbutils-1.2.jar;C:\Users\svasudevan\.m2\repository\org\reflections\reflections\0.9.9\reflections-0.9.9.jar;C:\Users\svasudevan\.m2\repository\org\mule\mule-core\3.8.5\mule-core-3.8.5-tests.jar;C:\Users\svasudevan\.m2\repository\org\mockito\mockito-core\1.10.19\mockito-core-1.10.19.jar;C:\Users\svasudevan\.m2\repository\org\objenesis\objenesis\2.1\objenesis-2.1.jar;C:\Users\svasudevan\.m2\repository\org\mule\modules\mule-module-http\3.8.5\mule-module-http-3.8.5.jar;C:\Users\svasudevan\.m2\repository\org\mule\transports\mule-transport-tcp\3.8.5\mule-transport-tcp-3.8.5.jar;C:\Users\svasudevan\.m2\repository\org\apache\geronimo\specs\geronimo-servlet_3.0_spec\1.0\geronimo-servlet_3.0_spec-1.0.jar;C:\Users\svasudevan\.m2\repository\org\glassfish\grizzly\grizzly-framework\2.3.29\grizzly-framework-2.3.29.jar;C:\Users\svasudevan\.m2\repository\org\glassfish\grizzly\grizzly-http-server\2.3.29\grizzly-http-server-2.3.29.jar;C:\Users\svasudevan\.m2\repository\org\glassfish\grizzly\grizzly-http\2.3.29\grizzly-http-2.3.29.jar;C:\Users\svasudevan\.m2\repository\org\glassfish\grizzly\connection-pool\2.3.29\connection-pool-2.3.29.jar;C:\Users\svasudevan\.m2\repository\javax\mail\mail\1.4.3\mail-1.4.3.jar;C:\Users\svasudevan\.m2\repository\com\ning\async-http-client\1.9.39\async-http-client-1.9.39.jar;C:\Users\svasudevan\.m2\repository\org\glassfish\grizzly\grizzly-websockets\2.3.29\grizzly-websockets-2.3.29.jar;C:\Users\svasudevan\.m2\repository\com\google\guava\guava\18.0\guava-18.0.jar;C:\Users\svasudevan\.m2\repository\org\mule\modules\mule-module-spring-config\3.8.5\mule-module-spring-config-3.8.5.jar;C:\Users\svasudevan\.m2\repository\org\mule\modules\mule-module-annotations\3.8.5\mule-module-annotations-3.8.5.jar;C:\Users\svasudevan\.m2\repository\cglib\cglib-nodep\2.2\cglib-nodep-2.2.jar;C:\Users\svasudevan\.m2\repository\cglib\cglib\3.2.2\cglib-3.2.2.jar;C:\Users\svasudevan\.m2\repository\org\ow2\asm\asm\5.0.4\asm-5.0.4.jar;C:\Users\svasudevan\.m2\repository\org\apache\ant\ant\1.9.6\ant-1.9.6.jar;C:\Users\svasudevan\.m2\repository\org\apache\ant\ant-launcher\1.9.6\ant-launcher-1.9.6.jar;C:\Users\svasudevan\.m2\repository\org\mule\modules\mule-module-db\3.8.5\mule-module-db-3.8.5.jar;C:\Users\svasudevan\.m2\repository\com\mchange\c3p0\0.9.5.2\c3p0-0.9.5.2.jar;C:\Users\svasudevan\.m2\repository\com\mchange\mchange-commons-java\0.2.11\mchange-commons-java-0.2.11.jar;C:\Users\svasudevan\.m2\repository\com\experlog\xapool\1.5.0\xapool-1.5.0.jar;C:\Users\svasudevan\.m2\repository\org\mule\common\mule-common\3.8.5\mule-common-3.8.5.jar;C:\Users\svasudevan\.m2\repository\org\mulesoft\xmlbeans\xmlbeans\2.3.2\xmlbeans-2.3.2.jar;C:\Users\svasudevan\.m2\repository\javax\xml\stream\stax-api\1.0-2\stax-api-1.0-2.jar;C:\Users\svasudevan\.m2\repository\org\json\json\20140107\json-20140107.jar;C:\Users\svasudevan\.m2\repository\com\fasterxml\jackson\core\jackson-core\2.6.6\jackson-core-2.6.6.jar;C:\Users\svasudevan\.m2\repository\org\antlr\antlr-runtime\3.5\antlr-runtime-3.5.jar;C:\Users\svasudevan\.m2\repository\org\antlr\stringtemplate\3.2.1\stringtemplate-3.2.1.jar;C:\Users\svasudevan\.m2\repository\org\apache\derby\derbyLocale_ru\10.14.2.0\derbyLocale_ru-10.14.2.0.jar;C:\Users\svasudevan\.m2\repository\org\apache\derby\derby\10.14.2.0\derby-10.14.2.0.jar;C:\Users\svasudevan\.m2\repository\org\apache\activemq\activemq-client\5.15.4\activemq-client-5.15.4.jar;C:\Users\svasudevan\.m2\repository\org\slf4j\slf4j-api\1.7.25\slf4j-api-1.7.25.jar;C:\Users\svasudevan\.m2\repository\org\apache\geronimo\specs\geronimo-jms_1.1_spec\1.1.1\geronimo-jms_1.1_spec-1.1.1.jar;C:\Users\svasudevan\.m2\repository\org\fusesource\hawtbuf\hawtbuf\1.11\hawtbuf-1.11.jar;C:\Users\svasudevan\.m2\repository\org\apache\geronimo\specs\geronimo-j2ee-management_1.1_spec\1.0.1\geronimo-j2ee-management_1.1_spec-1.0.1.jar;C:\Users\svasudevan\.m2\repository\org\apache\activemq\activemq-broker\5.15.4\activemq-broker-5.15.4.jar;C:\Users\svasudevan\.m2\repository\org\apache\activemq\activemq-openwire-legacy\5.15.4\activemq-openwire-legacy-5.15.4.jar;C:\Users\svasudevan\.m2\repository\com\fasterxml\jackson\core\jackson-databind\2.9.4\jackson-databind-2.9.4.jar;C:\Users\svasudevan\.m2\repository\com\fasterxml\jackson\core\jackson-annotations\2.9.0\jackson-annotations-2.9.0.jar;C:\Users\svasudevan\.m2\repository\org\apache\activemq\activemq-kahadb-store\5.15.4\activemq-kahadb-store-5.15.4.jar;C:\Users\svasudevan\.m2\repository\org\apache\activemq\protobuf\activemq-protobuf\1.1\activemq-protobuf-1.1.jar;C:\Users\svasudevan\.m2\repository\org\mule\transports\mule-transport-jms\3.8.5\mule-transport-jms-3.8.5.jar;C:\Users\svasudevan\.m2\repository\org\springframework\spring-jms\4.1.9.RELEASE\spring-jms-4.1.9.RELEASE.jar;C:\Users\svasudevan\.m2\repository\org\springframework\spring-messaging\4.1.9.RELEASE\spring-messaging-4.1.9.RELEASE.jar;C:\Users\svasudevan\.m2\repository\org\springframework\spring-tx\4.1.9.RELEASE\spring-tx-4.1.9.RELEASE.jar;"/>
    <property name="java.vm.vendor" value="Oracle Corporation"/>
    <property name="sun.arch.data.model" value="64"/>
    <property name="user.variant" value=""/>
    <property name="java.vendor.url" value="http://java.oracle.com/"/>
    <property name="user.timezone" value="Asia/Calcutta"/>
    <property name="java.vm.specification.version" value="1.8"/>
    <property name="os.name" value="Windows 10"/>
    <property name="user.country" value="IN"/>
    <property name="sun.java.launcher" value="SUN_STANDARD"/>
    <property name="sun.boot.library.path" value="C:\Program Files\Java\jdk1.8.0_152\jre\bin"/>
    <property name="sun.java.command" value="C:\Users\SVASUD~1\AppData\Local\Temp\surefire5428882015198872493\surefirebooter7171144695229804312.jar C:\Users\svasudevan\AppData\Local\Temp\surefire5428882015198872493 2018-06-22T12-06-30_636-jvmRun1 surefire4028727631698618285tmp surefire_01015662419408024556tmp"/>
    <property name="surefire.test.class.path" value="D:\AnypointStudio\workspace\maven-project\target\test-classes;D:\AnypointStudio\workspace\maven-project\target\classes;C:\Users\svasudevan\.m2\repository\com\mulesoft\muleesb\mule-core-ee\3.8.5\mule-core-ee-3.8.5.jar;C:\Users\svasudevan\.m2\repository\org\mule\mule-core\3.8.5\mule-core-3.8.5.jar;C:\Users\svasudevan\.m2\repository\org\mule\extensions\mule-extensions-api\1.0.0-alpha-1\mule-extensions-api-1.0.0-alpha-1.jar;C:\Users\svasudevan\.m2\repository\commons-beanutils\commons-beanutils\1.9.3\commons-beanutils-1.9.3.jar;C:\Users\svasudevan\.m2\repository\com\github\stephenc\eaio-uuid\uuid\3.4.0\uuid-3.4.0.jar;C:\Users\svasudevan\.m2\repository\com\github\stephenc\eaio-grabbag\grabbag\1.8.1\grabbag-1.8.1.jar;C:\Users\svasudevan\.m2\repository\commons-cli\commons-cli\1.2\commons-cli-1.2.jar;C:\Users\svasudevan\.m2\repository\commons-collections\commons-collections\3.2.2\commons-collections-3.2.2.jar;C:\Users\svasudevan\.m2\repository\commons-io\commons-io\2.4\commons-io-2.4.jar;C:\Users\svasudevan\.m2\repository\commons-lang\commons-lang\2.4\commons-lang-2.4.jar;C:\Users\svasudevan\.m2\repository\commons-pool\commons-pool\1.6\commons-pool-1.6.jar;C:\Users\svasudevan\.m2\repository\org\apache\geronimo\specs\geronimo-jta_1.1_spec\1.1.1\geronimo-jta_1.1_spec-1.1.1.jar;C:\Users\svasudevan\.m2\repository\org\apache\geronimo\specs\geronimo-j2ee-connector_1.5_spec\2.0.0\geronimo-j2ee-connector_1.5_spec-2.0.0.jar;C:\Users\svasudevan\.m2\repository\javax\inject\javax.inject\1\javax.inject-1.jar;C:\Users\svasudevan\.m2\repository\com\lmax\disruptor\3.3.0\disruptor-3.3.0.jar;C:\Users\svasudevan\.m2\repository\org\apache\logging\log4j\log4j-api\2.8.2\log4j-api-2.8.2.jar;C:\Users\svasudevan\.m2\repository\org\apache\logging\log4j\log4j-core\2.8.2\log4j-core-2.8.2.jar;C:\Users\svasudevan\.m2\repository\org\apache\logging\log4j\log4j-slf4j-impl\2.8.2\log4j-slf4j-impl-2.8.2.jar;C:\Users\svasudevan\.m2\repository\org\apache\logging\log4j\log4j-1.2-api\2.8.2\log4j-1.2-api-2.8.2.jar;C:\Users\svasudevan\.m2\repository\org\apache\logging\log4j\log4j-jcl\2.8.2\log4j-jcl-2.8.2.jar;C:\Users\svasudevan\.m2\repository\commons-logging\commons-logging\1.2\commons-logging-1.2.jar;C:\Users\svasudevan\.m2\repository\org\slf4j\jcl-over-slf4j\1.7.24\jcl-over-slf4j-1.7.24.jar;C:\Users\svasudevan\.m2\repository\org\apache\logging\log4j\log4j-jul\2.8.2\log4j-jul-2.8.2.jar;C:\Users\svasudevan\.m2\repository\asm\asm\3.1\asm-3.1.jar;C:\Users\svasudevan\.m2\repository\asm\asm-commons\3.1\asm-commons-3.1.jar;C:\Users\svasudevan\.m2\repository\asm\asm-tree\3.1\asm-tree-3.1.jar;C:\Users\svasudevan\.m2\repository\org\mule\mvel\mule-mvel2\2.1.9-MULE-012\mule-mvel2-2.1.9-MULE-012.jar;C:\Users\svasudevan\.m2\repository\org\jgrapht\jgrapht-jdk1.5\0.7.3\jgrapht-jdk1.5-0.7.3.jar;C:\Users\svasudevan\.m2\repository\com\mulesoft\licm\licm\1.1.5\licm-1.1.5.jar;C:\Users\svasudevan\.m2\repository\de\schlichtherle\truelicense\1.29\truelicense-1.29.jar;C:\Users\svasudevan\.m2\repository\de\schlichtherle\truexml\1.29\truexml-1.29.jar;C:\Users\svasudevan\.m2\repository\opensymphony\propertyset\1.3\propertyset-1.3.jar;C:\Users\svasudevan\.m2\repository\opensymphony\oscore\2.2.4\oscore-2.2.4.jar;C:\Users\svasudevan\.m2\repository\org\aspectj\aspectjrt\1.8.5\aspectjrt-1.8.5.jar;C:\Users\svasudevan\.m2\repository\com\mulesoft\muleesb\modules\mule-module-spring-config-ee\3.8.5\mule-module-spring-config-ee-3.8.5.jar;C:\Users\svasudevan\.m2\repository\com\mulesoft\muleesb\modules\mule-module-multi-tx-ee\3.8.5\mule-module-multi-tx-ee-3.8.5.jar;C:\Users\svasudevan\.m2\repository\com\mulesoft\muleesb\modules\mule-module-xa-tx-ee\3.8.5\mule-module-xa-tx-ee-3.8.5.jar;C:\Users\svasudevan\.m2\repository\com\mulesoft\muleesb\modules\mule-module-cache-ee\3.8.5\mule-module-cache-ee-3.8.5.jar;C:\Users\svasudevan\.m2\repository\org\springframework\spring-context\4.1.9.RELEASE\spring-context-4.1.9.RELEASE.jar;C:\Users\svasudevan\.m2\repository\org\springframework\spring-core\4.1.9.RELEASE\spring-core-4.1.9.RELEASE.jar;C:\Users\svasudevan\.m2\repository\org\springframework\spring-expression\4.1.9.RELEASE\spring-expression-4.1.9.RELEASE.jar;C:\Users\svasudevan\.m2\repository\org\mule\transports\mule-transport-file\3.8.5\mule-transport-file-3.8.5.jar;C:\Users\svasudevan\.m2\repository\org\mule\transports\mule-transport-http\3.8.5\mule-transport-http-3.8.5.jar;C:\Users\svasudevan\.m2\repository\org\mule\transports\mule-transport-ssl\3.8.5\mule-transport-ssl-3.8.5.jar;C:\Users\svasudevan\.m2\repository\commons-codec\commons-codec\1.9\commons-codec-1.9.jar;C:\Users\svasudevan\.m2\repository\commons-httpclient\commons-httpclient\3.1\commons-httpclient-3.1.jar;C:\Users\svasudevan\.m2\repository\org\apache\tomcat\coyote\6.0.53\coyote-6.0.53.jar;C:\Users\svasudevan\.m2\repository\org\apache\tomcat\juli\6.0.53\juli-6.0.53.jar;C:\Users\svasudevan\.m2\repository\org\samba\jcifs\jcifs\1.3.3\jcifs-1.3.3.jar;C:\Users\svasudevan\.m2\repository\joda-time\joda-time\2.9.1\joda-time-2.9.1.jar;C:\Users\svasudevan\.m2\repository\com\mulesoft\muleesb\transports\mule-transport-jdbc-ee\3.8.5\mule-transport-jdbc-ee-3.8.5.jar;C:\Users\svasudevan\.m2\repository\org\mule\transports\mule-transport-jdbc\3.8.5\mule-transport-jdbc-3.8.5.jar;C:\Users\svasudevan\.m2\repository\net\sf\flatpack\flatpack\3.1.1\flatpack-3.1.1.jar;C:\Users\svasudevan\.m2\repository\org\jdom\jdom\2.0.2\jdom-2.0.2.jar;C:\Users\svasudevan\.m2\repository\dom4j\dom4j\1.6.1\dom4j-1.6.1.jar;C:\Users\svasudevan\.m2\repository\com\mulesoft\muleesb\transports\mule-transport-jms-ee\3.8.5\mule-transport-jms-ee-3.8.5.jar;C:\Users\svasudevan\.m2\repository\org\mule\transports\mule-transport-vm\3.8.5\mule-transport-vm-3.8.5.jar;C:\Users\svasudevan\.m2\repository\org\mule\modules\mule-module-scripting\3.8.5\mule-module-scripting-3.8.5.jar;C:\Users\svasudevan\.m2\repository\org\springframework\spring-aop\4.1.9.RELEASE\spring-aop-4.1.9.RELEASE.jar;C:\Users\svasudevan\.m2\repository\aopalliance\aopalliance\1.0\aopalliance-1.0.jar;C:\Users\svasudevan\.m2\repository\org\mule\modules\mule-module-builders\3.8.5\mule-module-builders-3.8.5.jar;C:\Users\svasudevan\.m2\repository\org\springframework\spring-web\4.1.9.RELEASE\spring-web-4.1.9.RELEASE.jar;C:\Users\svasudevan\.m2\repository\org\codehaus\groovy\groovy-all\2.4.4\groovy-all-2.4.4-indy.jar;C:\Users\svasudevan\.m2\repository\org\python\jython-standalone\2.7.0\jython-standalone-2.7.0.jar;C:\Users\svasudevan\.m2\repository\javax\script\js-engine\1.1\js-engine-1.1-jdk14.jar;C:\Users\svasudevan\.m2\repository\org\mozilla\rhino\1.7R4\rhino-1.7R4.jar;C:\Users\svasudevan\.m2\repository\org\mule\modules\mule-module-scripting-jruby\3.8.5\mule-module-scripting-jruby-3.8.5.jar;C:\Users\svasudevan\.m2\repository\org\jruby\jruby-core\1.7.27\jruby-core-1.7.27.jar;C:\Users\svasudevan\.m2\repository\org\ow2\asm\asm-commons\5.0.3\asm-commons-5.0.3.jar;C:\Users\svasudevan\.m2\repository\org\ow2\asm\asm-tree\5.0.3\asm-tree-5.0.3.jar;C:\Users\svasudevan\.m2\repository\org\ow2\asm\asm-analysis\5.0.3\asm-analysis-5.0.3.jar;C:\Users\svasudevan\.m2\repository\org\ow2\asm\asm-util\5.0.3\asm-util-5.0.3.jar;C:\Users\svasudevan\.m2\repository\org\jruby\jruby-stdlib\1.7.27\jruby-stdlib-1.7.27.jar;C:\Users\svasudevan\.m2\repository\org\jruby\joni\joni\2.1.9\joni-2.1.9.jar;C:\Users\svasudevan\.m2\repository\com\github\jnr\jnr-netdb\1.1.2\jnr-netdb-1.1.2.jar;C:\Users\svasudevan\.m2\repository\com\github\jnr\jnr-enxio\0.9\jnr-enxio-0.9.jar;C:\Users\svasudevan\.m2\repository\com\github\jnr\jnr-x86asm\1.0.2\jnr-x86asm-1.0.2.jar;C:\Users\svasudevan\.m2\repository\com\github\jnr\jnr-unixsocket\0.8\jnr-unixsocket-0.8.jar;C:\Users\svasudevan\.m2\repository\com\github\jnr\jnr-posix\3.0.27\jnr-posix-3.0.27.jar;C:\Users\svasudevan\.m2\repository\org\jruby\extras\bytelist\1.0.11\bytelist-1.0.11.jar;C:\Users\svasudevan\.m2\repository\com\github\jnr\jnr-constants\0.9.0\jnr-constants-0.9.0.jar;C:\Users\svasudevan\.m2\repository\org\jruby\jcodings\jcodings\1.0.16\jcodings-1.0.16.jar;C:\Users\svasudevan\.m2\repository\com\github\jnr\jnr-ffi\2.0.5\jnr-ffi-2.0.5.jar;C:\Users\svasudevan\.m2\repository\com\github\jnr\jffi\1.2.10\jffi-1.2.10.jar;C:\Users\svasudevan\.m2\repository\com\github\jnr\jffi\1.2.10\jffi-1.2.10-native.jar;C:\Users\svasudevan\.m2\repository\org\yaml\snakeyaml\1.15\snakeyaml-1.15.jar;C:\Users\svasudevan\.m2\repository\com\jcraft\jzlib\1.1.3\jzlib-1.1.3.jar;C:\Users\svasudevan\.m2\repository\com\headius\invokebinder\1.2\invokebinder-1.2.jar;C:\Users\svasudevan\.m2\repository\com\headius\options\1.3\options-1.3.jar;C:\Users\svasudevan\.m2\repository\com\martiansoftware\nailgun-server\0.9.1\nailgun-server-0.9.1.jar;C:\Users\svasudevan\.m2\repository\org\jruby\yecht\1.1\yecht-1.1-jruby.jar;C:\Users\svasudevan\.m2\repository\org\mule\modules\mule-module-xml\3.8.5\mule-module-xml-3.8.5.jar;C:\Users\svasudevan\.m2\repository\commons-jxpath\commons-jxpath\1.3\commons-jxpath-1.3.jar;C:\Users\svasudevan\.m2\repository\com\thoughtworks\xstream\xstream\1.4.10\xstream-1.4.10.jar;C:\Users\svasudevan\.m2\repository\xmlpull\xmlpull\1.1.3.1\xmlpull-1.1.3.1.jar;C:\Users\svasudevan\.m2\repository\xpp3\xpp3_min\1.1.3.4.O\xpp3_min-1.1.3.4.O.jar;C:\Users\svasudevan\.m2\repository\org\codehaus\woodstox\woodstox-core-asl\4.4.1\woodstox-core-asl-4.4.1.jar;C:\Users\svasudevan\.m2\repository\org\codehaus\woodstox\stax2-api\3.1.4\stax2-api-3.1.4.jar;C:\Users\svasudevan\.m2\repository\jaxen\jaxen\1.1.1\jaxen-1.1.1.jar;C:\Users\svasudevan\.m2\repository\jdom\jdom\1.0\jdom-1.0.jar;C:\Users\svasudevan\.m2\repository\net\java\dev\stax-utils\stax-utils\20080702\stax-utils-20080702.jar;C:\Users\svasudevan\.m2\repository\net\sf\saxon\Saxon-HE\9.6.0-7\Saxon-HE-9.6.0-7.jar;C:\Users\svasudevan\.m2\repository\net\sf\saxon\Saxon-HE\9.6.0-7\Saxon-HE-9.6.0-7-xqj.jar;C:\Users\svasudevan\.m2\repository\javax\xml\xquery\xqj-api\1.0\xqj-api-1.0.jar;C:\Users\svasudevan\.m2\repository\org\mule\tests\mule-tests-functional\3.8.5\mule-tests-functional-3.8.5.jar;C:\Users\svasudevan\.m2\repository\org\mule\modules\mule-module-extensions-support\3.8.5\mule-module-extensions-support-3.8.5.jar;C:\Users\svasudevan\.m2\repository\org\mule\extensions\mule-extensions-annotations\1.0.0-alpha-1\mule-extensions-annotations-1.0.0-alpha-1.jar;C:\Users\svasudevan\.m2\repository\org\springframework\spring-beans\4.1.9.RELEASE\spring-beans-4.1.9.RELEASE.jar;C:\Users\svasudevan\.m2\repository\junit\junit\4.12\junit-4.12.jar;C:\Users\svasudevan\.m2\repository\org\hamcrest\hamcrest-library\1.3\hamcrest-library-1.3.jar;C:\Users\svasudevan\.m2\repository\org\hamcrest\hamcrest-core\1.3\hamcrest-core-1.3.jar;C:\Users\svasudevan\.m2\repository\commons-net\commons-net\3.5\commons-net-3.5.jar;C:\Users\svasudevan\.m2\repository\org\apache\ftpserver\ftpserver-core\1.0.6\ftpserver-core-1.0.6.jar;C:\Users\svasudevan\.m2\repository\org\apache\mina\mina-core\2.0.4\mina-core-2.0.4.jar;C:\Users\svasudevan\.m2\repository\org\apache\ftpserver\ftplet-api\1.0.6\ftplet-api-1.0.6.jar;C:\Users\svasudevan\.m2\repository\org\apache\sshd\sshd-core\1.0.0\sshd-core-1.0.0.jar;C:\Users\svasudevan\.m2\repository\org\bouncycastle\bcprov-jdk15on\1.56\bcprov-jdk15on-1.56.jar;C:\Users\svasudevan\.m2\repository\commons-dbutils\commons-dbutils\1.2\commons-dbutils-1.2.jar;C:\Users\svasudevan\.m2\repository\org\reflections\reflections\0.9.9\reflections-0.9.9.jar;C:\Users\svasudevan\.m2\repository\org\mule\mule-core\3.8.5\mule-core-3.8.5-tests.jar;C:\Users\svasudevan\.m2\repository\org\mockito\mockito-core\1.10.19\mockito-core-1.10.19.jar;C:\Users\svasudevan\.m2\repository\org\objenesis\objenesis\2.1\objenesis-2.1.jar;C:\Users\svasudevan\.m2\repository\org\mule\modules\mule-module-http\3.8.5\mule-module-http-3.8.5.jar;C:\Users\svasudevan\.m2\repository\org\mule\transports\mule-transport-tcp\3.8.5\mule-transport-tcp-3.8.5.jar;C:\Users\svasudevan\.m2\repository\org\apache\geronimo\specs\geronimo-servlet_3.0_spec\1.0\geronimo-servlet_3.0_spec-1.0.jar;C:\Users\svasudevan\.m2\repository\org\glassfish\grizzly\grizzly-framework\2.3.29\grizzly-framework-2.3.29.jar;C:\Users\svasudevan\.m2\repository\org\glassfish\grizzly\grizzly-http-server\2.3.29\grizzly-http-server-2.3.29.jar;C:\Users\svasudevan\.m2\repository\org\glassfish\grizzly\grizzly-http\2.3.29\grizzly-http-2.3.29.jar;C:\Users\svasudevan\.m2\repository\org\glassfish\grizzly\connection-pool\2.3.29\connection-pool-2.3.29.jar;C:\Users\svasudevan\.m2\repository\javax\mail\mail\1.4.3\mail-1.4.3.jar;C:\Users\svasudevan\.m2\repository\com\ning\async-http-client\1.9.39\async-http-client-1.9.39.jar;C:\Users\svasudevan\.m2\repository\org\glassfish\grizzly\grizzly-websockets\2.3.29\grizzly-websockets-2.3.29.jar;C:\Users\svasudevan\.m2\repository\com\google\guava\guava\18.0\guava-18.0.jar;C:\Users\svasudevan\.m2\repository\org\mule\modules\mule-module-spring-config\3.8.5\mule-module-spring-config-3.8.5.jar;C:\Users\svasudevan\.m2\repository\org\mule\modules\mule-module-annotations\3.8.5\mule-module-annotations-3.8.5.jar;C:\Users\svasudevan\.m2\repository\cglib\cglib-nodep\2.2\cglib-nodep-2.2.jar;C:\Users\svasudevan\.m2\repository\cglib\cglib\3.2.2\cglib-3.2.2.jar;C:\Users\svasudevan\.m2\repository\org\ow2\asm\asm\5.0.4\asm-5.0.4.jar;C:\Users\svasudevan\.m2\repository\org\apache\ant\ant\1.9.6\ant-1.9.6.jar;C:\Users\svasudevan\.m2\repository\org\apache\ant\ant-launcher\1.9.6\ant-launcher-1.9.6.jar;C:\Users\svasudevan\.m2\repository\org\mule\modules\mule-module-db\3.8.5\mule-module-db-3.8.5.jar;C:\Users\svasudevan\.m2\repository\com\mchange\c3p0\0.9.5.2\c3p0-0.9.5.2.jar;C:\Users\svasudevan\.m2\repository\com\mchange\mchange-commons-java\0.2.11\mchange-commons-java-0.2.11.jar;C:\Users\svasudevan\.m2\repository\com\experlog\xapool\1.5.0\xapool-1.5.0.jar;C:\Users\svasudevan\.m2\repository\org\mule\common\mule-common\3.8.5\mule-common-3.8.5.jar;C:\Users\svasudevan\.m2\repository\org\mulesoft\xmlbeans\xmlbeans\2.3.2\xmlbeans-2.3.2.jar;C:\Users\svasudevan\.m2\repository\javax\xml\stream\stax-api\1.0-2\stax-api-1.0-2.jar;C:\Users\svasudevan\.m2\repository\org\json\json\20140107\json-20140107.jar;C:\Users\svasudevan\.m2\repository\com\fasterxml\jackson\core\jackson-core\2.6.6\jackson-core-2.6.6.jar;C:\Users\svasudevan\.m2\repository\org\antlr\antlr-runtime\3.5\antlr-runtime-3.5.jar;C:\Users\svasudevan\.m2\repository\org\antlr\stringtemplate\3.2.1\stringtemplate-3.2.1.jar;C:\Users\svasudevan\.m2\repository\org\apache\derby\derbyLocale_ru\10.14.2.0\derbyLocale_ru-10.14.2.0.jar;C:\Users\svasudevan\.m2\repository\org\apache\derby\derby\10.14.2.0\derby-10.14.2.0.jar;C:\Users\svasudevan\.m2\repository\org\apache\activemq\activemq-client\5.15.4\activemq-client-5.15.4.jar;C:\Users\svasudevan\.m2\repository\org\slf4j\slf4j-api\1.7.25\slf4j-api-1.7.25.jar;C:\Users\svasudevan\.m2\repository\org\apache\geronimo\specs\geronimo-jms_1.1_spec\1.1.1\geronimo-jms_1.1_spec-1.1.1.jar;C:\Users\svasudevan\.m2\repository\org\fusesource\hawtbuf\hawtbuf\1.11\hawtbuf-1.11.jar;C:\Users\svasudevan\.m2\repository\org\apache\geronimo\specs\geronimo-j2ee-management_1.1_spec\1.0.1\geronimo-j2ee-management_1.1_spec-1.0.1.jar;C:\Users\svasudevan\.m2\repository\org\apache\activemq\activemq-broker\5.15.4\activemq-broker-5.15.4.jar;C:\Users\svasudevan\.m2\repository\org\apache\activemq\activemq-openwire-legacy\5.15.4\activemq-openwire-legacy-5.15.4.jar;C:\Users\svasudevan\.m2\repository\com\fasterxml\jackson\core\jackson-databind\2.9.4\jackson-databind-2.9.4.jar;C:\Users\svasudevan\.m2\repository\com\fasterxml\jackson\core\jackson-annotations\2.9.0\jackson-annotations-2.9.0.jar;C:\Users\svasudevan\.m2\repository\org\apache\activemq\activemq-kahadb-store\5.15.4\activemq-kahadb-store-5.15.4.jar;C:\Users\svasudevan\.m2\repository\org\apache\activemq\protobuf\activemq-protobuf\1.1\activemq-protobuf-1.1.jar;C:\Users\svasudevan\.m2\repository\org\mule\transports\mule-transport-jms\3.8.5\mule-transport-jms-3.8.5.jar;C:\Users\svasudevan\.m2\repository\org\springframework\spring-jms\4.1.9.RELEASE\spring-jms-4.1.9.RELEASE.jar;C:\Users\svasudevan\.m2\repository\org\springframework\spring-messaging\4.1.9.RELEASE\spring-messaging-4.1.9.RELEASE.jar;C:\Users\svasudevan\.m2\repository\org\springframework\spring-tx\4.1.9.RELEASE\spring-tx-4.1.9.RELEASE.jar;"/>
    <property name="sun.cpu.endian" value="little"/>
    <property name="user.home" value="C:\Users\svasudevan"/>
    <property name="user.language" value="en"/>
    <property name="java.specification.vendor" value="Oracle Corporation"/>
    <property name="java.home" value="C:\Program Files\Java\jdk1.8.0_152\jre"/>
    <property name="basedir" value="D:\AnypointStudio\workspace\maven-project"/>
    <property name="file.separator" value="\"/>
    <property name="line.separator" value="&#10;"/>
    <property name="java.vm.specification.vendor" value="Oracle Corporation"/>
    <property name="java.specification.name" value="Java Platform API Specification"/>
    <property name="java.awt.graphicsenv" value="sun.awt.Win32GraphicsEnvironment"/>
    <property name="surefire.real.class.path" value="C:\Users\SVASUD~1\AppData\Local\Temp\surefire5428882015198872493\surefirebooter7171144695229804312.jar"/>
    <property name="sun.boot.class.path" value="C:\Program Files\Java\jdk1.8.0_152\jre\lib\resources.jar;C:\Program Files\Java\jdk1.8.0_152\jre\lib\rt.jar;C:\Program Files\Java\jdk1.8.0_152\jre\lib\sunrsasign.jar;C:\Program Files\Java\jdk1.8.0_152\jre\lib\jsse.jar;C:\Program Files\Java\jdk1.8.0_152\jre\lib\jce.jar;C:\Program Files\Java\jdk1.8.0_152\jre\lib\charsets.jar;C:\Program Files\Java\jdk1.8.0_152\jre\lib\jfr.jar;C:\Program Files\Java\jdk1.8.0_152\jre\classes"/>
    <property name="user.script" value=""/>
    <property name="sun.management.compiler" value="HotSpot 64-Bit Tiered Compilers"/>
    <property name="java.runtime.version" value="1.8.0_152-b16"/>
    <property name="user.name" value="svasudevan"/>
    <property name="path.separator" value=";"/>
    <property name="os.version" value="10.0"/>
    <property name="java.endorsed.dirs" value="C:\Program Files\Java\jdk1.8.0_152\jre\lib\endorsed"/>
    <property name="java.runtime.name" value="Java(TM) SE Runtime Environment"/>
    <property name="file.encoding" value="Cp1252"/>
    <property name="java.vm.name" value="Java HotSpot(TM) 64-Bit Server VM"/>
    <property name="localRepository" value="C:\Users\svasudevan\.m2\repository"/>
    <property name="java.vendor.url.bug" value="http://bugreport.sun.com/bugreport/"/>
    <property name="java.io.tmpdir" value="C:\Users\SVASUD~1\AppData\Local\Temp\"/>
    <property name="java.version" value="1.8.0_152"/>
    <property name="user.dir" value="D:\AnypointStudio\workspace\maven-project"/>
    <property name="os.arch" value="amd64"/>
    <property name="java.vm.specification.name" value="Java Virtual Machine Specification"/>
    <property name="java.awt.printerjob" value="sun.awt.windows.WPrinterJob"/>
    <property name="sun.os.patch.level" value=""/>
    <property name="java.library.path" value="C:\Program Files\Java\jdk1.8.0_152\jre\bin;C:\Windows\Sun\Java\bin;C:\Windows\system32;C:\Windows;C:\Users\svasudevan\bin;C:\Program Files\Git\mingw64\bin;C:\Program Files\Git\usr\local\bin;C:\Program Files\Git\usr\bin;C:\Program Files\Git\usr\bin;C:\Program Files\Git\mingw64\bin;C:\Program Files\Git\usr\bin;C:\Users\svasudevan\bin;C:\Program Files (x86)\Intel\Intel(R) Management Engine Components\iCLS;C:\Program Files\Intel\Intel(R) Management Engine Components\iCLS;C:\Program Files\Docker\Docker\Resources\bin;C:\Program Files\Java\jdk1.8.0_152\bin;C:\ProgramData\Oracle\Java\javapath;C:\Windows\system32;C:\Windows;C:\Windows\System32\Wbem;C:\Windows\System32\WindowsPowerShell\v1.0;C:\Program Files\Git\cmd;C:\Program Files\TortoiseSVN\bin;C:\apache-maven-3.5.3\bin;C:\Program Files\nodejs;C:\Program Files\TortoiseGit\bin;C:\Program Files\PuTTY;C:\Program Files (x86)\Microsoft SQL Server\Client SDK\ODBC\130\Tools\Binn;C:\Program Files (x86)\Microsoft SQL Server\140\Tools\Binn;C:\Program Files (x86)\Microsoft SQL Server\140\DTS\Binn;C:\Program Files (x86)\Microsoft SQL Server\140\Tools\Binn\ManagementStudio;C:\Program Files (x86)\Intel\Intel(R) Management Engine Components\DAL;C:\Program Files\Intel\Intel(R) Management Engine Components\DAL;C:\Program Files (x86)\Intel\Intel(R) Management Engine Components\IPT;C:\Program Files\Intel\Intel(R) Management Engine Components\IPT;C:\Program Files (x86)\Kaspersky Lab\Kaspersky Endpoint Security for Windows;C:\Users\svasudevan\AppData\Local\Microsoft\WindowsApps;C:\Program Files\Git\usr\bin\vendor_perl;C:\Program Files\Git\usr\bin\core_perl;."/>
    <property name="java.vm.info" value="mixed mode"/>
    <property name="java.vendor" value="Oracle Corporation"/>
    <property name="java.vm.version" value="25.152-b16"/>
    <property name="java.ext.dirs" value="C:\Program Files\Java\jdk1.8.0_152\jre\lib\ext;C:\Windows\Sun\Java\lib\ext"/>
    <property name="sun.io.unicode.encoding" value="UnicodeLittle"/>
    <property name="java.class.version" value="52.0"/>
  </properties>
  <testcase name="mavenFlowReturnsHelloMaven" classname="com.mulesoft.training.HelloMavenTest" time="13.933">
    <failure message="expected:&lt;[HELLO WORLD]&gt; but was:&lt;[[{DESTINATION=SFO, PRICE=555, ORIGIN=YYZ, ID=0}, {DESTINATION=LAX, PRICE=450, ORIGIN=YYZ, ID=1}, {DESTINATION=SEA, PRICE=777, ORIGIN=SQL, ID=2}, {DESTINATION=SFO, PRICE=999, ORIGIN=SQL, ID=3}]]&gt;" type="org.junit.ComparisonFailure">org.junit.ComparisonFailure: expected:&lt;[HELLO WORLD]&gt; but was:&lt;[[{DESTINATION=SFO, PRICE=555, ORIGIN=YYZ, ID=0}, {DESTINATION=LAX, PRICE=450, ORIGIN=YYZ, ID=1}, {DESTINATION=SEA, PRICE=777, ORIGIN=SQL, ID=2}, {DESTINATION=SFO, PRICE=999, ORIGIN=SQL, ID=3}]]&gt;	at com.mulesoft.training.HelloMavenTest.mavenFlowReturnsHelloMaven(HelloMavenTest.java:10)</failure>
    <system-out><![CDATA[
================================================================================
= Testing: mavenFlowReturnsHelloMaven                                          =
================================================================================
INFO  2018-06-22 12:06:40,713 [Time-limited test] org.mule.tck.junit4.AbstractMuleContextTestCase: Using working directory for test: C:\Users\SVASUD~1\AppData\Local\Temp\junit8754956218028414014
INFO  2018-06-22 12:06:41,279 [Time-limited test] org.mule.lifecycle.AbstractLifecycleManager: Initialising RegistryBroker
INFO  2018-06-22 12:06:41,848 [Time-limited test] org.mule.config.spring.MuleArtifactContext: Refreshing org.mule.config.spring.MuleArtifactContext@1fc53722: startup date [Fri Jun 22 12:06:41 IST 2018]; root of context hierarchy
INFO  2018-06-22 12:06:44,842 [Time-limited test] org.mule.config.spring.processors.NoDevkitInjectorProcessor: JSR-330 'javax.inject.Inject' annotation found and supported for autowiring
WARN  2018-06-22 12:06:45,295 [Time-limited test] org.mule.expression.DefaultExpressionManager: Expression string is not an expression.  Use isExpression(String) to validate first
WARN  2018-06-22 12:06:45,295 [Time-limited test] org.mule.expression.DefaultExpressionManager: Expression string is not an expression.  Use isExpression(String) to validate first
INFO  2018-06-22 12:06:49,485 [Time-limited test] org.mule.util.journal.TransactionJournal: Using files for tx logs C:\Users\svasudevan\AppData\Local\Temp\junit8754956218028414014\queue-tx-log\tx1.log and C:\Users\svasudevan\AppData\Local\Temp\junit8754956218028414014\queue-tx-log\tx2.log
INFO  2018-06-22 12:06:49,516 [Time-limited test] org.mule.util.journal.TransactionJournal: Using files for tx logs C:\Users\svasudevan\AppData\Local\Temp\junit8754956218028414014\queue-xa-tx-log\tx1.log and C:\Users\svasudevan\AppData\Local\Temp\junit8754956218028414014\queue-xa-tx-log\tx2.log
INFO  2018-06-22 12:06:49,516 [Time-limited test] org.mule.lifecycle.AbstractLifecycleManager: Initialising connector: Active_MQ
INFO  2018-06-22 12:06:49,579 [Time-limited test] org.mule.lifecycle.AbstractLifecycleManager: Initialising model: _muleSystemModel
INFO  2018-06-22 12:06:49,579 [Time-limited test] org.mule.construct.FlowConstructLifecycleManager: Initialising flow: maven-projectFlow
INFO  2018-06-22 12:06:49,579 [Time-limited test] org.mule.exception.DefaultMessagingExceptionStrategy: Initialising exception listener: org.mule.exception.DefaultMessagingExceptionStrategy@35ebb7f4
INFO  2018-06-22 12:06:49,641 [Time-limited test] org.mule.processor.SedaStageLifecycleManager: Initialising service: maven-projectFlow.stage1
INFO  2018-06-22 12:06:49,672 [Time-limited test] org.mule.construct.FlowConstructLifecycleManager: Initialising flow: logFlights
INFO  2018-06-22 12:06:49,672 [Time-limited test] org.mule.exception.DefaultMessagingExceptionStrategy: Initialising exception listener: org.mule.exception.DefaultMessagingExceptionStrategy@59e62277
INFO  2018-06-22 12:06:49,672 [Time-limited test] org.mule.processor.SedaStageLifecycleManager: Initialising service: logFlights.stage1
INFO  2018-06-22 12:06:49,829 [Time-limited test] org.mule.config.spring.SpringXmlConfigurationBuilder: Configured Mule using "org.mule.config.spring.SpringXmlConfigurationBuilder" with configuration resource(s): "[ConfigResource{resourceName='maven-project.xml'}]"
INFO  2018-06-22 12:06:49,844 [Time-limited test] org.mule.util.queue.QueueXaResourceManager: Starting ResourceManager
INFO  2018-06-22 12:06:49,844 [Time-limited test] org.mule.util.queue.QueueXaResourceManager: Started ResourceManager
INFO  2018-06-22 12:06:49,969 [Time-limited test] org.mule.module.http.internal.listener.DefaultHttpListenerConfig: Listening for requests on http://0.0.0.0:8081
WARN  2018-06-22 12:06:52,058 [Time-limited test] org.apache.activemq.broker.BrokerService: Store limit is 102400 mb (current store usage is 0 mb). The data directory: D:\AnypointStudio\workspace\maven-project\activemq-data\localhost\KahaDB only has 101571 mb of usable space. - resetting to maximum available disk space: 101571 mb
INFO  2018-06-22 12:06:52,183 [Time-limited test] org.mule.transport.jms.activemq.ActiveMQJmsConnector: Connected: ActiveMQJmsConnector
{
  name=Active_MQ
  lifecycle=initialise
  this=1a358379
  numberOfConcurrentTransactedReceivers=4
  createMultipleTransactedReceivers=true
  connected=true
  supportedProtocols=[jms]
  serviceOverrides=<none>
}

INFO  2018-06-22 12:06:52,183 [Time-limited test] org.mule.transport.jms.activemq.ActiveMQJmsConnector: Starting: ActiveMQJmsConnector
{
  name=Active_MQ
  lifecycle=initialise
  this=1a358379
  numberOfConcurrentTransactedReceivers=4
  createMultipleTransactedReceivers=true
  connected=true
  supportedProtocols=[jms]
  serviceOverrides=<none>
}

INFO  2018-06-22 12:06:52,198 [Time-limited test] org.mule.lifecycle.AbstractLifecycleManager: Starting connector: Active_MQ
INFO  2018-06-22 12:06:52,198 [Time-limited test] org.mule.lifecycle.AbstractLifecycleManager: Starting model: _muleSystemModel
INFO  2018-06-22 12:06:52,198 [Time-limited test] org.mule.construct.FlowConstructLifecycleManager: Starting flow: maven-projectFlow
INFO  2018-06-22 12:06:52,198 [Time-limited test] org.mule.processor.SedaStageLifecycleManager: Starting service: maven-projectFlow.stage1
INFO  2018-06-22 12:06:52,230 [Time-limited test] org.mule.construct.FlowConstructLifecycleManager: Starting flow: logFlights
INFO  2018-06-22 12:06:52,230 [Time-limited test] org.mule.processor.SedaStageLifecycleManager: Starting service: logFlights.stage1
INFO  2018-06-22 12:06:52,261 [Time-limited test] org.mule.transport.jms.activemq.ActiveMQJmsConnector: Registering listener: logFlights on endpointUri: jms://flights
INFO  2018-06-22 12:06:52,323 [Time-limited test] org.mule.transport.service.DefaultTransportServiceDescriptor: Loading default inbound transformer: org.mule.transport.jms.transformers.JMSMessageToObject
INFO  2018-06-22 12:06:52,323 [Time-limited test] org.mule.transport.service.DefaultTransportServiceDescriptor: Loading default response transformer: org.mule.transport.jms.transformers.ObjectToJMSMessage
INFO  2018-06-22 12:06:52,402 [Time-limited test] org.mule.lifecycle.AbstractLifecycleManager: Initialising: 'null'. Object is: MultiConsumerJmsMessageReceiver
INFO  2018-06-22 12:06:52,402 [Time-limited test] org.mule.transport.jms.MultiConsumerJmsMessageReceiver: Connecting clusterizable message receiver
INFO  2018-06-22 12:06:52,480 [Time-limited test] org.mule.transport.jms.MultiConsumerJmsMessageReceiver: Endpoint jms://flights has been successfully reconnected.
INFO  2018-06-22 12:06:52,480 [Time-limited test] org.mule.lifecycle.AbstractLifecycleManager: Starting: 'null'. Object is: MultiConsumerJmsMessageReceiver
INFO  2018-06-22 12:06:52,480 [Time-limited test] org.mule.transport.jms.MultiConsumerJmsMessageReceiver: Starting clusterizable message receiver
INFO  2018-06-22 12:06:52,480 [Time-limited test] org.mule.DefaultMuleContext: 
**********************************************************************
* Mule Runtime and Integration Platform                              *
* Version: 3.8.5 Build: 92091ca2                                     *
* MuleSoft, Inc.                                                     *
* For more information go to http://www.mulesoft.org                 *
*                                                                    *
* Server started: 22/6/18 12:06 PM                                   *
* Server ID: 9ef340f0-75e6-11e8-8f25-34415da4ef42                    *
* JDK: 1.8.0_152 (mixed mode)                                        *
* OS encoding: Cp1252, Mule encoding: UTF-8                          *
* OS: Windows 10 -  (10.0, amd64)                                    *
* Host: WWLT340-SVASUDEVAN (10.0.75.1)                               *
*                                                                    *
* Agents Running: None                                               *
**********************************************************************
WARN  2018-06-22 12:06:52,620 [Time-limited test] org.mule.model.seda.SedaModel: The <model> element is deprecated in Mule 3.4 and will be removed in Mule 4.0.  Flows do not need to be configured inside a <model> element. 
INFO  2018-06-22 12:06:52,620 [Time-limited test] org.mule.lifecycle.AbstractLifecycleManager: Initialising model: main
INFO  2018-06-22 12:06:52,620 [Time-limited test] org.mule.lifecycle.AbstractLifecycleManager: Starting model: main
WARN  2018-06-22 12:06:52,636 [Time-limited test] org.mule.model.seda.SedaService: Services (SedaService or any custom implementation) are deprecated in Mule 3.4 and will be removed in Mule 4.0. 
INFO  2018-06-22 12:06:52,636 [Time-limited test] org.mule.service.ServiceLifecycleManager: Initialising service: appleService
INFO  2018-06-22 12:06:52,636 [Time-limited test] org.mule.exception.DefaultMessagingExceptionStrategy: Initialising exception listener: org.mule.exception.DefaultMessagingExceptionStrategy@39114d7
INFO  2018-06-22 12:06:52,636 [Time-limited test] org.mule.component.ComponentLifecycleManager: Initialising component: component.1496777670
INFO  2018-06-22 12:06:52,636 [Time-limited test] org.mule.processor.SedaStageLifecycleManager: Initialising service: appleService
INFO  2018-06-22 12:06:52,652 [Time-limited test] org.mule.service.ServiceLifecycleManager: Starting service: appleService
INFO  2018-06-22 12:06:52,652 [Time-limited test] org.mule.component.ComponentLifecycleManager: Starting component: component.1496777670
INFO  2018-06-22 12:06:52,683 [Time-limited test] org.mule.processor.SedaStageLifecycleManager: Starting service: appleService
INFO  2018-06-22 12:06:52,683 [Time-limited test] org.mule.lifecycle.AbstractLifecycleManager: Initialising connector: testConnector
INFO  2018-06-22 12:06:52,714 [Time-limited test] org.mule.tck.testmodels.mule.TestConnector: Connected: TestConnector
{
  name=testConnector
  lifecycle=initialise
  this=7d779aca
  numberOfConcurrentTransactedReceivers=4
  createMultipleTransactedReceivers=true
  connected=true
  supportedProtocols=[test]
  serviceOverrides=<none>
}

INFO  2018-06-22 12:06:52,714 [Time-limited test] org.mule.tck.testmodels.mule.TestConnector: Starting: TestConnector
{
  name=testConnector
  lifecycle=initialise
  this=7d779aca
  numberOfConcurrentTransactedReceivers=4
  createMultipleTransactedReceivers=true
  connected=true
  supportedProtocols=[test]
  serviceOverrides=<none>
}

INFO  2018-06-22 12:06:52,714 [Time-limited test] org.mule.lifecycle.AbstractLifecycleManager: Starting connector: testConnector
INFO  2018-06-22 12:06:53,052 [Time-limited test] org.mule.transport.service.DefaultTransportServiceDescriptor: Loading default outbound transformer: org.mule.transport.jms.transformers.ObjectToJMSMessage
INFO  2018-06-22 12:06:53,052 [Time-limited test] org.mule.transport.service.DefaultTransportServiceDescriptor: Loading default response transformer: org.mule.transport.jms.transformers.ObjectToJMSMessage
WARN  2018-06-22 12:06:53,052 [Time-limited test] com.mulesoft.mule.transport.jms.EeJmsMessageDispatcher: Starting patched JmsMessageReceiver
INFO  2018-06-22 12:06:53,067 [Time-limited test] org.mule.lifecycle.AbstractLifecycleManager: Initialising: 'Active_MQ.dispatcher.1049535033'. Object is: EeJmsMessageDispatcher
INFO  2018-06-22 12:06:53,067 [Time-limited test] org.mule.lifecycle.AbstractLifecycleManager: Starting: 'Active_MQ.dispatcher.1049535033'. Object is: EeJmsMessageDispatcher
INFO  2018-06-22 12:06:53,083 [Time-limited test] org.mule.construct.FlowConstructLifecycleManager: Stopping flow: maven-projectFlow
INFO  2018-06-22 12:06:53,083 [Time-limited test] org.mule.processor.SedaStageLifecycleManager: Stopping service: maven-projectFlow.stage1
INFO  2018-06-22 12:06:53,161 [logFlights.stage1.02] org.mule.api.processor.LoggerMessageProcessor: [{DESTINATION=SFO, PRICE=555, ORIGIN=YYZ, ID=0}, {DESTINATION=LAX, PRICE=450, ORIGIN=YYZ, ID=1}, {DESTINATION=SEA, PRICE=777, ORIGIN=SQL, ID=2}, {DESTINATION=SFO, PRICE=999, ORIGIN=SQL, ID=3}]
INFO  2018-06-22 12:06:53,255 [Time-limited test] org.mule.construct.FlowConstructLifecycleManager: Stopping flow: logFlights
INFO  2018-06-22 12:06:53,255 [Time-limited test] org.mule.transport.jms.activemq.ActiveMQJmsConnector: Removing listener on endpointUri: jms://flights
INFO  2018-06-22 12:06:53,255 [Time-limited test] org.mule.lifecycle.AbstractLifecycleManager: Stopping: 'null'. Object is: MultiConsumerJmsMessageReceiver
INFO  2018-06-22 12:06:53,255 [Time-limited test] org.mule.lifecycle.AbstractLifecycleManager: Disposing: 'null'. Object is: MultiConsumerJmsMessageReceiver
INFO  2018-06-22 12:06:53,255 [Time-limited test] org.mule.processor.SedaStageLifecycleManager: Stopping service: logFlights.stage1
INFO  2018-06-22 12:06:53,333 [Time-limited test] org.mule.service.ServiceLifecycleManager: Stopping service: appleService
INFO  2018-06-22 12:06:53,333 [Time-limited test] org.mule.processor.SedaStageLifecycleManager: Stopping service: appleService
INFO  2018-06-22 12:06:53,505 [Time-limited test] org.mule.component.ComponentLifecycleManager: Stopping component: component.1496777670
INFO  2018-06-22 12:06:53,505 [Time-limited test] org.mule.lifecycle.AbstractLifecycleManager: Stopping model: _muleSystemModel
INFO  2018-06-22 12:06:53,505 [Time-limited test] org.mule.lifecycle.AbstractLifecycleManager: Stopping connector: Active_MQ
INFO  2018-06-22 12:06:53,505 [Time-limited test] org.mule.lifecycle.AbstractLifecycleManager: Stopping: 'Active_MQ.dispatcher.1049535033'. Object is: EeJmsMessageDispatcher
INFO  2018-06-22 12:06:53,505 [Time-limited test] org.mule.lifecycle.AbstractLifecycleManager: Disposing: 'Active_MQ.dispatcher.1049535033'. Object is: EeJmsMessageDispatcher
INFO  2018-06-22 12:06:53,567 [Time-limited test] org.mule.module.http.internal.listener.DefaultHttpListenerConfig: Stopped listener on http://0.0.0.0:8081
INFO  2018-06-22 12:06:53,567 [Time-limited test] org.mule.util.queue.QueueXaResourceManager: Stopping ResourceManager
INFO  2018-06-22 12:06:53,567 [Time-limited test] org.mule.util.queue.QueueXaResourceManager: Stopped ResourceManager
INFO  2018-06-22 12:06:53,567 [Time-limited test] org.mule.lifecycle.AbstractLifecycleManager: Disposing RegistryBroker
INFO  2018-06-22 12:06:53,567 [Time-limited test] org.mule.construct.FlowConstructLifecycleManager: Disposing flow: maven-projectFlow
INFO  2018-06-22 12:06:53,567 [Time-limited test] org.mule.processor.SedaStageLifecycleManager: Disposing service: maven-projectFlow.stage1
INFO  2018-06-22 12:06:53,567 [Time-limited test] org.mule.construct.FlowConstructLifecycleManager: Disposing flow: logFlights
INFO  2018-06-22 12:06:53,567 [Time-limited test] org.mule.processor.SedaStageLifecycleManager: Disposing service: logFlights.stage1
INFO  2018-06-22 12:06:53,567 [Time-limited test] org.mule.service.ServiceLifecycleManager: Disposing service: appleService
INFO  2018-06-22 12:06:53,567 [Time-limited test] org.mule.component.ComponentLifecycleManager: Disposing component: component.1496777670
INFO  2018-06-22 12:06:53,567 [Time-limited test] org.mule.processor.SedaStageLifecycleManager: Disposing service: appleService
INFO  2018-06-22 12:06:53,567 [Time-limited test] org.mule.lifecycle.AbstractLifecycleManager: Disposing model: _muleSystemModel
INFO  2018-06-22 12:06:53,661 [Time-limited test] org.mule.transport.jms.activemq.ActiveMQJmsConnector: Disconnected: ActiveMQJmsConnector
{
  name=Active_MQ
  lifecycle=stop
  this=1a358379
  numberOfConcurrentTransactedReceivers=4
  createMultipleTransactedReceivers=true
  connected=true
  supportedProtocols=[jms]
  serviceOverrides=<none>
}

INFO  2018-06-22 12:06:53,661 [Time-limited test] org.mule.lifecycle.AbstractLifecycleManager: Disposing connector: Active_MQ
INFO  2018-06-22 12:06:53,724 [Time-limited test] org.mule.config.spring.MuleArtifactContext: Closing org.mule.config.spring.MuleArtifactContext@1fc53722: startup date [Fri Jun 22 12:06:41 IST 2018]; root of context hierarchy
INFO  2018-06-22 12:06:53,864 [Time-limited test] org.mule.DefaultMuleContext: 
**********************************************************************
* Mule Context shut down normally on: 22/6/18 12:06 PM               *
* Server was up for: 0 days, 0 hours, 0 mins, 4.35 sec               *
**********************************************************************
]]></system-out>
  </testcase>
</testsuite>